<?xml version="1.0" encoding="UTF-8"?>
<!-- Generated by org.testng.reporters.JUnitReportReporter -->
<testsuite hostname="LAPTOP-C8VOQEGC" failures="0" tests="1" name="com.testscripts.TC_2_UpdateTodo" time="26.097" errors="0" timestamp="29 Aug 2022 02:59:42 GMT">
  <testcase classname="com.testscripts.TC_2_UpdateTodo" name="tc_updateaapplication" time="26.097"/>
</testsuite> <!-- com.testscripts.TC_2_UpdateTodo -->
