<?xml version="1.0" encoding="UTF-8"?>
<!-- Generated by org.testng.reporters.JUnitReportReporter -->
<testsuite hostname="LAPTOP-C8VOQEGC" failures="0" tests="1" name="com.testscripts.TC_1_AddOnTodos" time="20.682" errors="0" timestamp="29 Aug 2022 02:59:42 GMT">
  <testcase classname="com.testscripts.TC_1_AddOnTodos" name="tc_addtodo_001" time="20.682"/>
</testsuite> <!-- com.testscripts.TC_1_AddOnTodos -->
