<?xml version="1.0" encoding="UTF-8"?>
<!-- Generated by org.testng.reporters.JUnitReportReporter -->
<testsuite hostname="LAPTOP-C8VOQEGC" failures="0" tests="1" name="com.testscripts.TC_1_AddOnTodos" time="16.731" errors="0" timestamp="29 Aug 2022 01:54:16 GMT">
  <testcase classname="com.testscripts.TC_1_AddOnTodos" name="tc_addtodo_001" time="16.731"/>
</testsuite> <!-- com.testscripts.TC_1_AddOnTodos -->
